[2025-06-18 09:48:32] ACTION: MongoDB bilan bog‘landi
[2025-06-18 09:51:46] ACTION: MongoDB bilan bog‘landi
[2025-06-18 09:51:46] ACTION: Qo‘shildi/Yangilandi — key: name, value: Sherzamon
[2025-06-18 09:51:46] ACTION: Qo‘shildi/Yangilandi — key: job, value: Python Developer
[2025-06-18 09:51:46] ACTION: Oqib olindi — key: name
[2025-06-18 09:51:46] ACTION: Topilmadi — key: unknown
[2025-06-18 09:51:46] ACTION: Barcha ma’lumotlar ro‘yxati olindi
[2025-06-18 09:51:46] ACTION: O‘chirildi — key: name
[2025-06-18 09:51:46] ACTION: Barcha ma’lumotlar ro‘yxati olindi
[2025-06-18 09:51:50] ACTION: MongoDB bilan bog‘landi
[2025-06-18 09:51:50] ACTION: Qo‘shildi/Yangilandi — key: name, value: Sherzamon
[2025-06-18 09:51:50] ACTION: Qo‘shildi/Yangilandi — key: job, value: Python Developer
[2025-06-18 09:51:50] ACTION: Oqib olindi — key: name
[2025-06-18 09:51:50] ACTION: Topilmadi — key: unknown
[2025-06-18 09:51:50] ACTION: Barcha ma’lumotlar ro‘yxati olindi
[2025-06-18 09:51:50] ACTION: O‘chirildi — key: name
[2025-06-18 09:51:50] ACTION: Barcha ma’lumotlar ro‘yxati olindi
[2025-06-18 09:55:16] ACTION: MongoDB bilan bog‘landi
[2025-06-18 09:55:16] ACTION: Qo‘shildi/Yangilandi — key: name, value: Sherzamon
[2025-06-18 09:55:16] ACTION: Qo‘shildi/Yangilandi — key: job, value: Python Developer
[2025-06-18 09:55:16] ACTION: Oqib olindi — key: name
[2025-06-18 09:55:16] ACTION: Topilmadi — key: unknown
[2025-06-18 09:55:16] ACTION: Barcha ma’lumotlar ro‘yxati olindi
[2025-06-18 09:55:16] ACTION: O‘chirishga urinish, ammo topilmadi — key: name1
[2025-06-18 09:55:16] ACTION: Barcha ma’lumotlar ro‘yxati olindi
